<?xml version="1.0" encoding="UTF-8"?>
<!-- Generated by org.testng.reporters.JUnitXMLReporter -->
<testsuite hostname="Sonal" failures="1" tests="1" name="Test" time="9.841" errors="0" timestamp="14 Nov 2019 01:10:40 GMT">
  <testcase classname="com.testCases.ActiTimeLogintest" name="launchBrowser" time="9.795">
    <failure type="java.lang.AssertionError" message="expected [actiTIME -  Task List] but found [actiTIME - Task List]">
      <![CDATA[java.lang.AssertionError: expected [actiTIME -  Task List] but found [actiTIME - Task List]
	at com.pageObjects.HomePage.validateClickTask(HomePage.java:43)
	at com.testCases.ActiTimeLogintest.launchBrowser(ActiTimeLogintest.java:44)
... Removed 29 stack frames]]>
    </failure>
  </testcase> <!-- launchBrowser -->
</testsuite> <!-- Test -->
