<?xml version="1.0" encoding="UTF-8"?>
<testng-results total="1" passed="1" failed="0" skipped="0">
  <reporter-output>
  </reporter-output>
  <suite started-at="2019-12-18T04:21:34Z" name="Default suite" finished-at="2019-12-18T04:22:07Z" duration-ms="33406">
    <groups>
    </groups>
    <test started-at="2019-12-18T04:21:34Z" name="Default test" finished-at="2019-12-18T04:22:07Z" duration-ms="33406">
      <class name="com.testCases.DeleteCustomerTest">
        <test-method is-config="true" signature="driverinit()[pri:0, instance:com.testCases.DeleteCustomerTest@c0c2f8d]" started-at="2019-12-17T23:21:34Z" name="driverinit" finished-at="2019-12-17T23:21:44Z" duration-ms="10763" status="PASS">
          <reporter-output>
          </reporter-output>
        </test-method> <!-- driverinit -->
        <test-method signature="createNewCustomer()[pri:0, instance:com.testCases.DeleteCustomerTest@c0c2f8d]" started-at="2019-12-17T23:21:44Z" name="createNewCustomer" finished-at="2019-12-17T23:22:07Z" duration-ms="22608" status="PASS">
          <reporter-output>
          </reporter-output>
        </test-method> <!-- createNewCustomer -->
      </class> <!-- com.testCases.DeleteCustomerTest -->
    </test> <!-- Default test -->
  </suite> <!-- Default suite -->
</testng-results>
