<?xml version="1.0" encoding="UTF-8"?>
<testng-results total="1" passed="1" failed="0" skipped="0">
  <reporter-output>
  </reporter-output>
  <suite started-at="2020-04-07T01:56:33Z" name="Suite" finished-at="2020-04-07T01:57:29Z" duration-ms="56283">
    <groups>
    </groups>
    <test started-at="2020-04-07T01:56:33Z" name="Test" finished-at="2020-04-07T01:57:29Z" duration-ms="56283">
      <class name="com.testCases.ActiTimeLogintest">
        <test-method is-config="true" signature="driverinit()[pri:0, instance:com.testCases.ActiTimeLogintest@305b7c14]" started-at="2020-04-06T21:56:33Z" name="driverinit" finished-at="2020-04-06T21:56:53Z" duration-ms="19802" status="PASS">
          <reporter-output>
          </reporter-output>
        </test-method> <!-- driverinit -->
        <test-method signature="launchBrowser()[pri:0, instance:com.testCases.ActiTimeLogintest@305b7c14]" started-at="2020-04-06T21:56:53Z" name="launchBrowser" finished-at="2020-04-06T21:57:29Z" duration-ms="36453" status="PASS">
          <reporter-output>
          </reporter-output>
        </test-method> <!-- launchBrowser -->
      </class> <!-- com.testCases.ActiTimeLogintest -->
    </test> <!-- Test -->
  </suite> <!-- Suite -->
</testng-results>
